<?xml version="1.0" encoding="UTF-8"?>
<!-- Generated by org.testng.reporters.JUnitXMLReporter -->
<testsuite ignored="0" hostname="NikhilGowdas-PC" failures="0" tests="3" name="Default test" time="35.305" errors="0" timestamp="2022-12-21T14:05:57 IST">
  <testcase classname="seleniumByNikhil.Testcases.errorValidationTest" name="addtocarterrorvalidation" time="6.529"/>
  <testcase classname="seleniumByNikhil.Testcases.errorValidationTest" name="addtocarterrorvalidation" time="6.128"/>
  <testcase classname="seleniumByNikhil.Testcases.errorValidationTest" name="loginpageerrorvalidation" time="0.733"/>
</testsuite> <!-- Default test -->
