<?xml version="1.0" encoding="UTF-8"?>
<!-- Generated by org.testng.reporters.JUnitXMLReporter -->
<testsuite ignored="0" hostname="NikhilGowdas-PC" failures="0" tests="3" name="Default test" time="1.497" errors="0" timestamp="2022-10-25T00:51:40 IST">
  <testcase classname="seleniumByNikhil.Testcases.TestNgintigratedToExcelThrowDataProvider" name="GetExcelDat" time="0.01"/>
  <testcase classname="seleniumByNikhil.Testcases.TestNgintigratedToExcelThrowDataProvider" name="GetExcelDat" time="0.003"/>
  <testcase classname="seleniumByNikhil.Testcases.TestNgintigratedToExcelThrowDataProvider" name="GetExcelDat" time="0.003"/>
</testsuite> <!-- Default test -->
