<?xml version="1.0" encoding="UTF-8"?>
<!-- Generated by org.testng.reporters.JUnitXMLReporter -->
<testsuite ignored="0" hostname="NikhilGowdas-PC" failures="0" tests="3" name="EndtoEnd testcase" time="80.616" errors="0" timestamp="2022-12-21T14:02:51 IST">
  <testcase classname="seleniumByNikhil.Testcases.endToEndTestcase" name="productorder" time="14.504"/>
  <testcase classname="seleniumByNikhil.Testcases.endToEndTestcase" name="productorder" time="16.382"/>
  <testcase classname="seleniumByNikhil.Testcases.endToEndTestcase" name="orderhistry" time="1.889"/>
</testsuite> <!-- EndtoEnd testcase -->
