<?xml version="1.0" encoding="UTF-8"?>
<!-- Generated by org.testng.reporters.JUnitXMLReporter -->
<testsuite ignored="1" hostname="NikhilGowdas-PC" failures="0" tests="2" name="EndtoEnd testcase" time="110.999" errors="0" timestamp="2022-11-14T23:09:22 IST">
  <testcase classname="seleniumByNikhil.Testcases.endToEndTestcase" name="productorder" time="20.191"/>
  <testcase classname="seleniumByNikhil.Testcases.endToEndTestcase" name="productorder" time="18.977"/>
  <testcase classname="seleniumByNikhil.Testcases.endToEndTestcase" name="orderhistry" time="0.0">
    <ignored/>
  </testcase> <!-- orderhistry -->
</testsuite> <!-- EndtoEnd testcase -->
