<?xml version="1.0" encoding="UTF-8"?>
<!-- Generated by org.testng.reporters.JUnitXMLReporter -->
<testsuite ignored="2" hostname="NikhilGowdas-PC" failures="0" tests="0" time="0.005" errors="0" timestamp="2022-11-14T23:09:23 IST">
  <testcase classname="seleniumByNikhil.Testcases.errorValidationTest" name="addtocarterrorvalidation" time="0.0">
    <ignored/>
  </testcase> <!-- addtocarterrorvalidation -->
  <testcase classname="seleniumByNikhil.Testcases.errorValidationTest" name="loginpageerrorvalidation" time="0.0">
    <ignored/>
  </testcase> <!-- loginpageerrorvalidation -->
</testsuite>
