<?xml version="1.0" encoding="UTF-8"?>
<testng-results ignored="0" total="3" passed="3" failed="0" skipped="0">
  <reporter-output>
  </reporter-output>
  <suite started-at="2022-12-21T14:05:22 IST" name="Default suite" finished-at="2022-12-21T14:05:57 IST" duration-ms="35305">
    <groups>
      <group name="errorhandaling">
        <method signature="errorValidationTest.addtocarterrorvalidation(java.util.HashMap)[pri:0, instance:seleniumByNikhil.Testcases.errorValidationTest@4fb0f2b9]" name="addtocarterrorvalidation" class="seleniumByNikhil.Testcases.errorValidationTest"/>
      </group> <!-- errorhandaling -->
    </groups>
    <test started-at="2022-12-21T14:05:22 IST" name="Default test" finished-at="2022-12-21T14:05:57 IST" duration-ms="35305">
      <class name="seleniumByNikhil.Testcases.errorValidationTest">
        <test-method is-config="true" signature="lanchingBrowser()[pri:0, instance:seleniumByNikhil.Testcases.errorValidationTest@4fb0f2b9]" started-at="2022-12-21T14:05:22 IST" name="lanchingBrowser" finished-at="2022-12-21T14:05:30 IST" duration-ms="8378" status="PASS">
          <reporter-output>
          </reporter-output>
        </test-method> <!-- lanchingBrowser -->
        <test-method signature="addtocarterrorvalidation(java.util.HashMap)[pri:0, instance:seleniumByNikhil.Testcases.errorValidationTest@4fb0f2b9]" started-at="2022-12-21T14:05:30 IST" name="addtocarterrorvalidation" data-provider="getData" finished-at="2022-12-21T14:05:37 IST" duration-ms="6529" status="PASS">
          <params>
            <param index="0">
              <value>
                <![CDATA[{password=Nikhilgowda11@, emailid=nikhilgowda11@gmail.com, ZARA COAT 33=ZARA COAT 3}]]>
              </value>
            </param>
          </params>
          <reporter-output>
          </reporter-output>
        </test-method> <!-- addtocarterrorvalidation -->
        <test-method is-config="true" signature="closingtheBrowser()[pri:0, instance:seleniumByNikhil.Testcases.errorValidationTest@4fb0f2b9]" started-at="2022-12-21T14:05:37 IST" name="closingtheBrowser" finished-at="2022-12-21T14:05:37 IST" duration-ms="539" status="PASS">
          <reporter-output>
          </reporter-output>
        </test-method> <!-- closingtheBrowser -->
        <test-method is-config="true" signature="lanchingBrowser()[pri:0, instance:seleniumByNikhil.Testcases.errorValidationTest@4fb0f2b9]" started-at="2022-12-21T14:05:37 IST" name="lanchingBrowser" finished-at="2022-12-21T14:05:43 IST" duration-ms="5738" status="PASS">
          <reporter-output>
          </reporter-output>
        </test-method> <!-- lanchingBrowser -->
        <test-method signature="addtocarterrorvalidation(java.util.HashMap)[pri:0, instance:seleniumByNikhil.Testcases.errorValidationTest@4fb0f2b9]" started-at="2022-12-21T14:05:43 IST" name="addtocarterrorvalidation" data-provider="getData" finished-at="2022-12-21T14:05:49 IST" duration-ms="6128" status="PASS">
          <params>
            <param index="0">
              <value>
                <![CDATA[{password=Nikhilgowda111@, emailid=nikhilgowda111@gmail.com, ZARA COAT 33=IPHONE 13 PRO}]]>
              </value>
            </param>
          </params>
          <reporter-output>
          </reporter-output>
        </test-method> <!-- addtocarterrorvalidation -->
        <test-method is-config="true" signature="closingtheBrowser()[pri:0, instance:seleniumByNikhil.Testcases.errorValidationTest@4fb0f2b9]" started-at="2022-12-21T14:05:49 IST" name="closingtheBrowser" finished-at="2022-12-21T14:05:50 IST" duration-ms="612" status="PASS">
          <reporter-output>
          </reporter-output>
        </test-method> <!-- closingtheBrowser -->
        <test-method is-config="true" signature="lanchingBrowser()[pri:0, instance:seleniumByNikhil.Testcases.errorValidationTest@4fb0f2b9]" started-at="2022-12-21T14:05:50 IST" name="lanchingBrowser" finished-at="2022-12-21T14:05:56 IST" duration-ms="6077" status="PASS">
          <reporter-output>
          </reporter-output>
        </test-method> <!-- lanchingBrowser -->
        <test-method signature="loginpageerrorvalidation()[pri:0, instance:seleniumByNikhil.Testcases.errorValidationTest@4fb0f2b9]" started-at="2022-12-21T14:05:56 IST" name="loginpageerrorvalidation" finished-at="2022-12-21T14:05:57 IST" duration-ms="733" status="PASS">
          <reporter-output>
          </reporter-output>
        </test-method> <!-- loginpageerrorvalidation -->
        <test-method is-config="true" signature="closingtheBrowser()[pri:0, instance:seleniumByNikhil.Testcases.errorValidationTest@4fb0f2b9]" started-at="2022-12-21T14:05:57 IST" name="closingtheBrowser" finished-at="2022-12-21T14:05:57 IST" duration-ms="481" status="PASS">
          <reporter-output>
          </reporter-output>
        </test-method> <!-- closingtheBrowser -->
      </class> <!-- seleniumByNikhil.Testcases.errorValidationTest -->
    </test> <!-- Default test -->
  </suite> <!-- Default suite -->
</testng-results>
